[debug] [2023-12-29T16:15:32.784Z] ----------------------------------------------------------------------
[debug] [2023-12-29T16:15:32.787Z] Command:       C:\Program Files\nodejs\node.exe C:\Users\ismae\AppData\Roaming\npm\node_modules\firebase-tools\lib\bin\firebase.js init hosting
[debug] [2023-12-29T16:15:32.788Z] CLI Version:   13.0.2
[debug] [2023-12-29T16:15:32.788Z] Platform:      win32
[debug] [2023-12-29T16:15:32.789Z] Node Version:  v21.4.0
[debug] [2023-12-29T16:15:32.789Z] Time:          Fri Dec 29 2023 16:15:32 GMT+0000 (Greenwich Mean Time)
[debug] [2023-12-29T16:15:32.789Z] ----------------------------------------------------------------------
[debug] 
[debug] [2023-12-29T16:15:32.869Z] > command requires scopes: ["email","openid","https://www.googleapis.com/auth/cloudplatformprojects.readonly","https://www.googleapis.com/auth/firebase","https://www.googleapis.com/auth/cloud-platform"]
[debug] [2023-12-29T16:15:32.870Z] > authorizing via signed-in user (gcardenasismael@gmail.com)
[info] 
     ######## #### ########  ######## ########     ###     ######  ########
     ##        ##  ##     ## ##       ##     ##  ##   ##  ##       ##
     ######    ##  ########  ######   ########  #########  ######  ######
     ##        ##  ##    ##  ##       ##     ## ##     ##       ## ##
     ##       #### ##     ## ######## ########  ##     ##  ######  ########

You're about to initialize a Firebase project in this directory:

  C:\Users\ismae\Documents\vue\horse-and-breeder

Before we get started, keep in mind:

  * You are initializing within an existing Firebase project directory

